#
# A fatal error has been detected by the Java Runtime Environment:
#
#  Internal Error (synchronizer.cpp:1430), pid=4700, tid=2996
#  guarantee(mid->header()->is_neutral()) failed: invariant
#
# JRE version: Java(TM) SE Runtime Environment (8.0_40-b25) (build 1.8.0_40-b25)
# Java VM: Java HotSpot(TM) Client VM (25.40-b25 mixed mode windows-x86 )
# Failed to write core dump. Minidumps are not enabled by default on client versions of Windows
#
# If you would like to submit a bug report, please visit:
#   http://bugreport.java.com/bugreport/crash.jsp
#

---------------  T H R E A D  ---------------

Current thread (0x13e6dc00):  VMThread [stack: 0x14080000,0x140d0000] [id=2996]

Stack: [0x14080000,0x140d0000],  sp=0x140cf258,  free space=316k
Native frames: (J=compiled Java code, j=interpreted, Vv=VM code, C=native code)
V  [jvm.dll+0x1a4f6b]
V  [jvm.dll+0x19d795]
V  [jvm.dll+0x171a1f]
V  [jvm.dll+0x171dd3]
V  [jvm.dll+0x1650a0]
V  [jvm.dll+0x1663d0]
V  [jvm.dll+0x17d895]
V  [jvm.dll+0x17daa2]
V  [jvm.dll+0x1bd616]
C  [msvcr100.dll+0x5c556]
C  [msvcr100.dll+0x5c600]
C  [kernel32.dll+0x4ee1c]
C  [ntdll.dll+0x637fb]
C  [ntdll.dll+0x637ce]

VM_Operation (0x1448f3bc): ChangeSingleStep, mode: safepoint, requested by thread 0x13eb2800


---------------  P R O C E S S  ---------------

Java Threads: ( => current thread )
  0x13ede400 JavaThread "Service Thread" daemon [_thread_blocked, id=4024, stack(0x03970000,0x039c0000)]
  0x13ec0400 JavaThread "C1 CompilerThread0" daemon [_thread_blocked, id=872, stack(0x146c0000,0x14710000)]
  0x13ebc400 JavaThread "JDWP Command Reader" daemon [_thread_in_native, id=5204, stack(0x14670000,0x146c0000)]
  0x13eb6400 JavaThread "JDWP Event Helper Thread" daemon [_thread_blocked, id=4032, stack(0x145d0000,0x14620000)]
  0x13eb2800 JavaThread "JDWP Transport Listener: dt_socket" daemon [_thread_blocked, id=4484, stack(0x14440000,0x14490000)]
  0x13ea5c00 JavaThread "Attach Listener" daemon [_thread_blocked, id=5344, stack(0x00c60000,0x00cb0000)]
  0x13eac400 JavaThread "Signal Dispatcher" daemon [_thread_blocked, id=4388, stack(0x00c10000,0x00c60000)]
  0x13e76800 JavaThread "Finalizer" daemon [_thread_blocked, id=4856, stack(0x008a0000,0x008f0000)]
  0x13e71800 JavaThread "Reference Handler" daemon [_thread_blocked, id=4336, stack(0x14150000,0x141a0000)]
  0x007ec000 JavaThread "main" [_thread_blocked, id=1048, stack(0x008f0000,0x00940000)]

Other Threads:
=>0x13e6dc00 VMThread [stack: 0x14080000,0x140d0000] [id=2996]
  0x13ee0000 WatcherThread [stack: 0x14810000,0x14860000] [id=1932]

VM state:at safepoint (normal execution)

VM Mutex/Monitor currently owned by a thread:  ([mutex/lock_event])
[0x007ea2a0] Safepoint_lock - owner thread: 0x13e6dc00
[0x007ea308] Threads_lock - owner thread: 0x13e6dc00
[0x007ea9f0] JvmtiThreadState_lock - owner thread: 0x13eb2800

Heap:
 def new generation   total 4928K, used 1855K [0x03a00000, 0x03f50000, 0x08f50000)
  eden space 4416K,  42% used [0x03a00000, 0x03bcfd30, 0x03e50000)
  from space 512K,   0% used [0x03e50000, 0x03e50000, 0x03ed0000)
  to   space 512K,   0% used [0x03ed0000, 0x03ed0000, 0x03f50000)
 tenured generation   total 10944K, used 0K [0x08f50000, 0x09a00000, 0x13a00000)
   the space 10944K,   0% used [0x08f50000, 0x08f50000, 0x08f50200, 0x09a00000)
 Metaspace       used 1994K, capacity 2408K, committed 2496K, reserved 4480K

Card table byte_map: [0x007f0000,0x00880000] byte_map_base: 0x007d3000

Polling page: 0x00120000

CodeCache: size=32768Kb used=719Kb max_used=719Kb free=32048Kb
 bounds [0x01940000, 0x019f8000, 0x03940000]
 total_blobs=176 nmethods=39 adapters=78
 compilation: enabled

Compilation events (10 events):
Event: 1.614 Thread 0x13ec0400   33             java.nio.DirectByteBuffer::put (18 bytes)
Event: 1.614 Thread 0x13ec0400 nmethod 33 0x019effc8 code [0x019f00c0, 0x019f0160]
Event: 1.614 Thread 0x13ec0400   34             java.nio.DirectByteBuffer::ix (10 bytes)
Event: 1.614 Thread 0x13ec0400 nmethod 34 0x019f0248 code [0x019f0340, 0x019f03d0]
Event: 1.616 Thread 0x13ec0400   36             java.lang.String::<init> (62 bytes)
Event: 1.616 Thread 0x13ec0400 nmethod 36 0x019f0688 code [0x019f07e0, 0x019f09d0]
Event: 1.930 Thread 0x13ec0400   37   !         java.util.concurrent.ConcurrentHashMap::transfer (832 bytes)
Event: 1.939 Thread 0x13ec0400 nmethod 37 0x019f0f08 code [0x019f10e0, 0x019f2218]
Event: 1.939 Thread 0x13ec0400   38             java.util.concurrent.ConcurrentHashMap::tabAt (21 bytes)
Event: 1.939 Thread 0x13ec0400 nmethod 38 0x019f3a08 code [0x019f3b00, 0x019f3bc0]

GC Heap History (0 events):
No events

Deoptimization events (0 events):
No events

Internal exceptions (2 events):
Event: 0.310 Thread 0x007ec000 Exception <a 'java/lang/NoSuchMethodError': Method sun.misc.Unsafe.defineClass(Ljava/lang/String;[BII)Ljava/lang/Class; name or signature does not match> (0x03a0b2f8) thrown at [D:\re\puppet\workspace\8-2-build-windows-i586-cygwin\jdk8u40\2855\hotspot\src\²¿„ˆ×Ó?
Event: 0.310 Thread 0x007ec000 Exception <a 'java/lang/NoSuchMethodError': Method sun.misc.Unsafe.prefetchRead(Ljava/lang/Object;J)V name or signature does not match> (0x03a0b578) thrown at [D:\re\puppet\workspace\8-2-build-windows-i586-cygwin\jdk8u40\2855\hotspot\src\share\vm\prims\jni

Events (10 events):
Event: 2.211 Executing VM operation: GetOrSetLocal done
Event: 5.126 Executing VM operation: EnableBiasedLocking
Event: 5.127 Executing VM operation: EnableBiasedLocking done
Event: 21.125 Executing VM operation: GetCurrentLocation
Event: 21.126 Executing VM operation: GetCurrentLocation done
Event: 21.126 Executing VM operation: EnterInterpOnlyMode
Event: 21.126 Executing VM operation: EnterInterpOnlyMode done
Event: 21.126 Executing VM operation: ChangeSingleStep
Event: 21.126 Executing VM operation: ChangeSingleStep done
Event: 21.199 Executing VM operation: ChangeSingleStep


Dynamic libraries:
0x00d00000 - 0x00d33000 	C:\Program Files\Java\jre1.8.0_40\bin\javaw.exe
0x77c00000 - 0x77d3d000 	C:\Windows\SYSTEM32\ntdll.dll
0x779b0000 - 0x77a84000 	C:\Windows\system32\kernel32.dll
0x75ec0000 - 0x75f0b000 	C:\Windows\system32\KERNELBASE.dll
0x75f60000 - 0x76000000 	C:\Windows\system32\ADVAPI32.dll
0x761e0000 - 0x7628c000 	C:\Windows\system32\msvcrt.dll
0x75f20000 - 0x75f39000 	C:\Windows\SYSTEM32\sechost.dll
0x77b10000 - 0x77bb2000 	C:\Windows\system32\RPCRT4.dll
0x77d60000 - 0x77e29000 	C:\Windows\system32\USER32.dll
0x774c0000 - 0x7750e000 	C:\Windows\system32\GDI32.dll
0x77d50000 - 0x77d5a000 	C:\Windows\system32\LPK.dll
0x77880000 - 0x7791d000 	C:\Windows\system32\USP10.dll
0x74a80000 - 0x74c1e000 	C:\Windows\WinSxS\x86_microsoft.windows.common-controls_6595b64144ccf1df_6.0.7601.17514_none_41e6975e2bd6f2b2\COMCTL32.dll
0x77660000 - 0x776b7000 	C:\Windows\system32\SHLWAPI.dll
0x75f40000 - 0x75f5f000 	C:\Windows\system32\IMM32.DLL
0x773f0000 - 0x774bc000 	C:\Windows\system32\MSCTF.dll
0x5f840000 - 0x5f8ff000 	C:\Program Files\Java\jre1.8.0_40\bin\msvcr100.dll
0x6a2b0000 - 0x6a670000 	C:\Program Files\Java\jre1.8.0_40\bin\client\jvm.dll
0x74350000 - 0x74357000 	C:\Windows\system32\WSOCK32.dll
0x77bc0000 - 0x77bf5000 	C:\Windows\system32\WS2_32.dll
0x76ee0000 - 0x76ee6000 	C:\Windows\system32\NSI.dll
0x743d0000 - 0x74402000 	C:\Windows\system32\WINMM.dll
0x75050000 - 0x75059000 	C:\Windows\system32\VERSION.dll
0x76ef0000 - 0x76ef5000 	C:\Windows\system32\PSAPI.DLL
0x73bc0000 - 0x73bcc000 	C:\Program Files\Java\jre1.8.0_40\bin\verify.dll
0x6d140000 - 0x6d161000 	C:\Program Files\Java\jre1.8.0_40\bin\java.dll
0x5fa50000 - 0x5fa79000 	C:\Program Files\Java\jre1.8.0_40\bin\jdwp.dll
0x70d60000 - 0x70d67000 	C:\Program Files\Java\jre1.8.0_40\bin\npt.dll
0x73ba0000 - 0x73bb3000 	C:\Program Files\Java\jre1.8.0_40\bin\zip.dll
0x76290000 - 0x76edb000 	C:\Windows\system32\SHELL32.dll
0x77720000 - 0x7787c000 	C:\Windows\system32\ole32.dll
0x75bf0000 - 0x75bfb000 	C:\Windows\system32\profapi.dll
0x70d70000 - 0x70d78000 	C:\Program Files\Java\jre1.8.0_40\bin\dt_socket.dll
0x73cd0000 - 0x73ce0000 	C:\Windows\system32\NLAapi.dll
0x72c70000 - 0x72c80000 	C:\Windows\system32\napinsp.dll
0x72c30000 - 0x72c42000 	C:\Windows\system32\pnrpnsp.dll
0x755c0000 - 0x755fc000 	C:\Windows\System32\mswsock.dll
0x75480000 - 0x754c4000 	C:\Windows\system32\DNSAPI.dll
0x72c80000 - 0x72c88000 	C:\Windows\System32\winrnr.dll
0x72fa0000 - 0x72fc7000 	C:\Program Files\Common Files\Microsoft Shared\Windows Live\WLIDNSP.DLL
0x73a40000 - 0x73a5c000 	C:\Windows\system32\IPHLPAPI.DLL
0x73a30000 - 0x73a37000 	C:\Windows\system32\WINNSI.DLL
0x73b60000 - 0x73b98000 	C:\Windows\System32\fwpuclnt.dll
0x72f90000 - 0x72f96000 	C:\Windows\system32\rasadhlp.dll
0x750e0000 - 0x750e5000 	C:\Windows\System32\wshtcpip.dll
0x5f9f0000 - 0x5fa4a000 	P:\git\Operation-Solar-Fury\ntv\windows\x86\lwjgl.dll
0x5f770000 - 0x5f838000 	C:\Windows\system32\OPENGL32.dll
0x5f9c0000 - 0x5f9e2000 	C:\Windows\system32\GLU32.dll
0x6bb50000 - 0x6bc37000 	C:\Windows\system32\DDRAW.dll
0x741e0000 - 0x741e6000 	C:\Windows\system32\DCIMAN32.dll
0x76f50000 - 0x770ed000 	C:\Windows\system32\SETUPAPI.dll
0x75df0000 - 0x75e17000 	C:\Windows\system32\CFGMGR32.dll
0x77920000 - 0x779af000 	C:\Windows\system32\OLEAUT32.dll
0x75dd0000 - 0x75de2000 	C:\Windows\system32\DEVOBJ.dll
0x74640000 - 0x74653000 	C:\Windows\system32\dwmapi.dll
0x74a40000 - 0x74a80000 	C:\Windows\system32\uxtheme.dll
0x6a0e0000 - 0x6a1cb000 	C:\Windows\system32\dbghelp.dll

VM Arguments:
jvm_args: -agentlib:jdwp=transport=dt_socket,suspend=y,address=localhost:51842 -Djava.library.path=P:\git\Operation-Solar-Fury\ntv -Dfile.encoding=Cp1252 
java_command: com.battleslug.opsf.OPSF
java_class_path (initial): P:\git\Operation-Solar-Fury\bin;P:\git\Operation-Solar-Fury\jar\lwjgl.jar;P:\git\Operation-Solar-Fury\jar\PNGDecoder.jar
Launcher Type: SUN_STANDARD

Environment Variables:
PATH=C:/Program Files/Java/jre1.8.0_40/bin/client;C:/Program Files/Java/jre1.8.0_40/bin;C:/Program Files/Java/jre1.8.0_40/lib/i386;C:\ProgramData\Oracle\Java\javapath;C:\Ruby200\bin;C:\Program Files\Common Files\Microsoft Shared\Windows Live;C:\Windows\system32;C:\Windows;C:\Windows\System32\Wbem;C:\Windows\System32\WindowsPowerShell\v1.0\;C:\Program Files\Windows Live\Shared;C:\PROGRA~1\TIEDUC~1\TI-83P~1\UTILS;P:\eclipse;
USERNAME=S338867567
OS=Windows_NT
PROCESSOR_IDENTIFIER=x86 Family 15 Model 4 Stepping 10, GenuineIntel



---------------  S Y S T E M  ---------------

OS: Windows 7 Build 7601 (6.1.7601.18409)

CPU:total 2 (1 cores per cpu, 2 threads per core) family 15 model 4 stepping 10, cmov, cx8, fxsr, mmx, sse, sse2, sse3, ht, tsc

Memory: 4k page, physical 2088372k(559880k free), swap 4176744k(2059204k free)

vm_info: Java HotSpot(TM) Client VM (25.40-b25) for windows-x86 JRE (1.8.0_40-b25), built on Feb 10 2015 21:08:16 by "java_re" with MS VC++ 10.0 (VS2010)

time: Tue Apr 21 13:41:58 2015
elapsed time: 21 seconds (0d 0h 0m 21s)

