#
# A fatal error has been detected by the Java Runtime Environment:
#
#  Internal Error (synchronizer.cpp:1430), pid=3996, tid=2844
#  guarantee(mid->header()->is_neutral()) failed: invariant
#
# JRE version: Java(TM) SE Runtime Environment (8.0_40-b25) (build 1.8.0_40-b25)
# Java VM: Java HotSpot(TM) Client VM (25.40-b25 mixed mode windows-x86 )
# Failed to write core dump. Minidumps are not enabled by default on client versions of Windows
#
# If you would like to submit a bug report, please visit:
#   http://bugreport.java.com/bugreport/crash.jsp
#

---------------  T H R E A D  ---------------

Current thread (0x13efbc00):  VMThread [stack: 0x14290000,0x142e0000] [id=2844]

Stack: [0x14290000,0x142e0000],  sp=0x142df728,  free space=317k
Native frames: (J=compiled Java code, j=interpreted, Vv=VM code, C=native code)
V  [jvm.dll+0x1a4f6b]
V  [jvm.dll+0x19d795]
V  [jvm.dll+0x171a1f]
V  [jvm.dll+0x171dd3]
V  [jvm.dll+0x1650a0]
V  [jvm.dll+0x1663d0]
V  [jvm.dll+0x17d895]
V  [jvm.dll+0x17daa2]
V  [jvm.dll+0x1bd616]
C  [msvcr100.dll+0x5c556]
C  [msvcr100.dll+0x5c600]
C  [kernel32.dll+0x4ee1c]
C  [ntdll.dll+0x637fb]
C  [ntdll.dll+0x637ce]

VM_Operation (0x1428fa5c): ChangeSingleStep, mode: safepoint, requested by thread 0x13f48400


---------------  P R O C E S S  ---------------

Java Threads: ( => current thread )
  0x13f77800 JavaThread "Service Thread" daemon [_thread_blocked, id=4412, stack(0x149f0000,0x14a40000)]
  0x13f59c00 JavaThread "C1 CompilerThread0" daemon [_thread_blocked, id=2552, stack(0x14760000,0x147b0000)]
  0x13f4d800 JavaThread "JDWP Command Reader" daemon [_thread_in_native, id=4480, stack(0x14510000,0x14560000)]
  0x13f4c800 JavaThread "JDWP Event Helper Thread" daemon [_thread_blocked, id=2648, stack(0x14860000,0x148b0000)]
  0x13f48400 JavaThread "JDWP Transport Listener: dt_socket" daemon [_thread_blocked, id=2532, stack(0x14240000,0x14290000)]
  0x13f3c000 JavaThread "Attach Listener" daemon [_thread_blocked, id=3728, stack(0x14320000,0x14370000)]
  0x13f43800 JavaThread "Signal Dispatcher" daemon [_thread_blocked, id=216, stack(0x00840000,0x00890000)]
  0x13f04800 JavaThread "Finalizer" daemon [_thread_blocked, id=4808, stack(0x141e0000,0x14230000)]
  0x13eff800 JavaThread "Reference Handler" daemon [_thread_blocked, id=1764, stack(0x14130000,0x14180000)]
  0x0089c000 JavaThread "main" [_thread_blocked, id=5280, stack(0x007f0000,0x00840000)]

Other Threads:
=>0x13efbc00 VMThread [stack: 0x14290000,0x142e0000] [id=2844]
  0x13f79400 WatcherThread [stack: 0x148c0000,0x14910000] [id=3816]

VM state:at safepoint (normal execution)

VM Mutex/Monitor currently owned by a thread:  ([mutex/lock_event])
[0x0089a268] Safepoint_lock - owner thread: 0x13efbc00
[0x0089a2d0] Threads_lock - owner thread: 0x13efbc00
[0x0089a9b8] JvmtiThreadState_lock - owner thread: 0x13f48400

Heap:
 def new generation   total 4928K, used 2173K [0x03a00000, 0x03f50000, 0x08f50000)
  eden space 4416K,  49% used [0x03a00000, 0x03c1f720, 0x03e50000)
  from space 512K,   0% used [0x03e50000, 0x03e50000, 0x03ed0000)
  to   space 512K,   0% used [0x03ed0000, 0x03ed0000, 0x03f50000)
 tenured generation   total 10944K, used 0K [0x08f50000, 0x09a00000, 0x13a00000)
   the space 10944K,   0% used [0x08f50000, 0x08f50000, 0x08f50200, 0x09a00000)
 Metaspace       used 2341K, capacity 2632K, committed 2752K, reserved 4480K

Card table byte_map: [0x13a00000,0x13a90000] byte_map_base: 0x139e3000

Polling page: 0x00270000

CodeCache: size=32768Kb used=734Kb max_used=734Kb free=32033Kb
 bounds [0x019f0000, 0x01aa8000, 0x039f0000]
 total_blobs=223 nmethods=40 adapters=124
 compilation: enabled

Compilation events (10 events):
Event: 0.854 Thread 0x13f59c00   35             sun.misc.MetaIndex::mayContain (51 bytes)
Event: 0.855 Thread 0x13f59c00 nmethod 35 0x01aa39c8 code [0x01aa3af0, 0x01aa3c68]
Event: 0.971 Thread 0x13f59c00   36             java.lang.String::startsWith (7 bytes)
Event: 0.972 Thread 0x13f59c00 nmethod 36 0x01aa3f88 code [0x01aa4080, 0x01aa412c]
Event: 1.002 Thread 0x13f59c00   37   !         java.util.concurrent.ConcurrentHashMap::transfer (832 bytes)
Event: 1.009 Thread 0x13f59c00 nmethod 37 0x01aa4588 code [0x01aa4760, 0x01aa5898]
Event: 1.009 Thread 0x13f59c00   39             java.util.concurrent.ConcurrentHashMap::tabAt (21 bytes)
Event: 1.009 Thread 0x13f59c00 nmethod 39 0x01aa7088 code [0x01aa7180, 0x01aa7240]
Event: 1.009 Thread 0x13f59c00   40             java.util.Arrays::copyOfRange (63 bytes)
Event: 1.010 Thread 0x13f59c00 nmethod 40 0x01aa72c8 code [0x01aa7420, 0x01aa77c8]

GC Heap History (0 events):
No events

Deoptimization events (0 events):
No events

Internal exceptions (2 events):
Event: 0.092 Thread 0x0089c000 Exception <a 'java/lang/NoSuchMethodError': Method sun.misc.Unsafe.defineClass(Ljava/lang/String;[BII)Ljava/lang/Class; name or signature does not match> (0x03a0b2c0) thrown at [D:\re\puppet\workspace\8-2-build-windows-i586-cygwin\jdk8u40\2855\hotspot\src\¬+8%´·?
Event: 0.093 Thread 0x0089c000 Exception <a 'java/lang/NoSuchMethodError': Method sun.misc.Unsafe.prefetchRead(Ljava/lang/Object;J)V name or signature does not match> (0x03a0b540) thrown at [D:\re\puppet\workspace\8-2-build-windows-i586-cygwin\jdk8u40\2855\hotspot\src\share\vm\prims\jni

Events (10 events):
Event: 1.026 loading class org/lwjgl/system/FunctionProvider$Default done
Event: 4.507 Executing VM operation: EnableBiasedLocking
Event: 4.508 Executing VM operation: EnableBiasedLocking done
Event: 41.706 Executing VM operation: GetCurrentLocation
Event: 41.706 Executing VM operation: GetCurrentLocation done
Event: 41.706 Executing VM operation: EnterInterpOnlyMode
Event: 41.706 Executing VM operation: EnterInterpOnlyMode done
Event: 41.706 Executing VM operation: ChangeSingleStep
Event: 41.706 Executing VM operation: ChangeSingleStep done
Event: 41.706 Executing VM operation: ChangeSingleStep


Dynamic libraries:
0x00ae0000 - 0x00b13000 	C:\Program Files\Java\jre1.8.0_40\bin\javaw.exe
0x77d00000 - 0x77e3d000 	C:\Windows\SYSTEM32\ntdll.dll
0x76140000 - 0x76214000 	C:\Windows\system32\kernel32.dll
0x75f70000 - 0x75fbb000 	C:\Windows\system32\KERNELBASE.dll
0x762a0000 - 0x76340000 	C:\Windows\system32\ADVAPI32.dll
0x777f0000 - 0x7789c000 	C:\Windows\system32\msvcrt.dll
0x77970000 - 0x77989000 	C:\Windows\SYSTEM32\sechost.dll
0x77420000 - 0x774c2000 	C:\Windows\system32\RPCRT4.dll
0x778a0000 - 0x77969000 	C:\Windows\system32\USER32.dll
0x77ee0000 - 0x77f2e000 	C:\Windows\system32\GDI32.dll
0x77e40000 - 0x77e4a000 	C:\Windows\system32\LPK.dll
0x77990000 - 0x77a2d000 	C:\Windows\system32\USP10.dll
0x74cc0000 - 0x74e5e000 	C:\Windows\WinSxS\x86_microsoft.windows.common-controls_6595b64144ccf1df_6.0.7601.17514_none_41e6975e2bd6f2b2\COMCTL32.dll
0x76060000 - 0x760b7000 	C:\Windows\system32\SHLWAPI.dll
0x774e0000 - 0x774ff000 	C:\Windows\system32\IMM32.DLL
0x77350000 - 0x7741c000 	C:\Windows\system32\MSCTF.dll
0x5f9e0000 - 0x5fa9f000 	C:\Program Files\Java\jre1.8.0_40\bin\msvcr100.dll
0x62f20000 - 0x632e0000 	C:\Program Files\Java\jre1.8.0_40\bin\client\jvm.dll
0x71ba0000 - 0x71ba7000 	C:\Windows\system32\WSOCK32.dll
0x76020000 - 0x76055000 	C:\Windows\system32\WS2_32.dll
0x77340000 - 0x77346000 	C:\Windows\system32\NSI.dll
0x73f10000 - 0x73f42000 	C:\Windows\system32\WINMM.dll
0x75150000 - 0x75159000 	C:\Windows\system32\VERSION.dll
0x76340000 - 0x76345000 	C:\Windows\system32\PSAPI.DLL
0x71b30000 - 0x71b3c000 	C:\Program Files\Java\jre1.8.0_40\bin\verify.dll
0x71820000 - 0x71841000 	C:\Program Files\Java\jre1.8.0_40\bin\java.dll
0x6e0d0000 - 0x6e0f9000 	C:\Program Files\Java\jre1.8.0_40\bin\jdwp.dll
0x707e0000 - 0x707e7000 	C:\Program Files\Java\jre1.8.0_40\bin\npt.dll
0x719a0000 - 0x719b3000 	C:\Program Files\Java\jre1.8.0_40\bin\zip.dll
0x764b0000 - 0x770fb000 	C:\Windows\system32\SHELL32.dll
0x76350000 - 0x764ac000 	C:\Windows\system32\ole32.dll
0x75cf0000 - 0x75cfb000 	C:\Windows\system32\profapi.dll
0x707d0000 - 0x707d8000 	C:\Program Files\Java\jre1.8.0_40\bin\dt_socket.dll
0x73df0000 - 0x73e00000 	C:\Windows\system32\NLAapi.dll
0x72d80000 - 0x72d90000 	C:\Windows\system32\napinsp.dll
0x72d60000 - 0x72d72000 	C:\Windows\system32\pnrpnsp.dll
0x756c0000 - 0x756fc000 	C:\Windows\System32\mswsock.dll
0x75580000 - 0x755c4000 	C:\Windows\system32\DNSAPI.dll
0x735a0000 - 0x735a8000 	C:\Windows\System32\winrnr.dll
0x73140000 - 0x73167000 	C:\Program Files\Common Files\Microsoft Shared\Windows Live\WLIDNSP.DLL
0x73ca0000 - 0x73cbc000 	C:\Windows\system32\IPHLPAPI.DLL
0x73c80000 - 0x73c87000 	C:\Windows\system32\WINNSI.DLL
0x73a60000 - 0x73a98000 	C:\Windows\System32\fwpuclnt.dll
0x735b0000 - 0x735b6000 	C:\Windows\system32\rasadhlp.dll
0x751e0000 - 0x751e5000 	C:\Windows\System32\wshtcpip.dll
0x6b2c0000 - 0x6b31a000 	P:\git\Unity-Strike2\ntv\windows\x86\lwjgl.dll
0x5f840000 - 0x5f908000 	C:\Windows\system32\OPENGL32.dll
0x6e070000 - 0x6e092000 	C:\Windows\system32\GLU32.dll
0x5dae0000 - 0x5dbc7000 	C:\Windows\system32\DDRAW.dll
0x707c0000 - 0x707c6000 	C:\Windows\system32\DCIMAN32.dll
0x77500000 - 0x7769d000 	C:\Windows\system32\SETUPAPI.dll
0x75f40000 - 0x75f67000 	C:\Windows\system32\CFGMGR32.dll
0x77e50000 - 0x77edf000 	C:\Windows\system32\OLEAUT32.dll
0x75d50000 - 0x75d62000 	C:\Windows\system32\DEVOBJ.dll
0x74850000 - 0x74863000 	C:\Windows\system32\dwmapi.dll
0x6b8f0000 - 0x6b9db000 	C:\Windows\system32\dbghelp.dll

VM Arguments:
jvm_args: -agentlib:jdwp=transport=dt_socket,suspend=y,address=localhost:53943 -Djava.library.path=P:\git\Unity-Strike2\ntv -Dfile.encoding=Cp1252 
java_command: com.battleslug.unitystrike.Game
java_class_path (initial): P:\git\Unity-Strike2\bin;P:\git\Unity-Strike2\jar\lwjgl.jar;P:\git\Unity-Strike2\jar\PNGDecoder.jar
Launcher Type: SUN_STANDARD

Environment Variables:
PATH=C:/Program Files/Java/jre1.8.0_40/bin/client;C:/Program Files/Java/jre1.8.0_40/bin;C:/Program Files/Java/jre1.8.0_40/lib/i386;C:\ProgramData\Oracle\Java\javapath;C:\Ruby200\bin;C:\Program Files\Common Files\Microsoft Shared\Windows Live;C:\Windows\system32;C:\Windows;C:\Windows\System32\Wbem;C:\Windows\System32\WindowsPowerShell\v1.0\;C:\Program Files\Windows Live\Shared;C:\PROGRA~1\TIEDUC~1\TI-83P~1\UTILS;P:\eclipse;
USERNAME=S338867567
OS=Windows_NT
PROCESSOR_IDENTIFIER=x86 Family 15 Model 4 Stepping 10, GenuineIntel



---------------  S Y S T E M  ---------------

OS: Windows 7 Build 7601 (6.1.7601.18409)

CPU:total 2 (1 cores per cpu, 2 threads per core) family 15 model 4 stepping 10, cmov, cx8, fxsr, mmx, sse, sse2, sse3, ht, tsc

Memory: 4k page, physical 2088372k(209376k free), swap 4176744k(2010004k free)

vm_info: Java HotSpot(TM) Client VM (25.40-b25) for windows-x86 JRE (1.8.0_40-b25), built on Feb 10 2015 21:08:16 by "java_re" with MS VC++ 10.0 (VS2010)

time: Tue Mar 10 14:56:27 2015
elapsed time: 42 seconds (0d 0h 0m 42s)

